#
# There is insufficient memory for the Java Runtime Environment to continue.
# Native memory allocation (mmap) failed to map 134217728 bytes for G1 virtual space
# Possible reasons:
#   The system is out of physical RAM or swap space
#   The process is running with CompressedOops enabled, and the Java Heap may be blocking the growth of the native heap
# Possible solutions:
#   Reduce memory load on the system
#   Increase physical memory or swap space
#   Check if swap backing store is full
#   Decrease Java heap size (-Xmx/-Xms)
#   Decrease number of Java threads
#   Decrease Java thread stack sizes (-Xss)
#   Set larger code cache with -XX:ReservedCodeCacheSize=
#   JVM is running with Unscaled Compressed Oops mode in which the Java heap is
#     placed in the first 4GB address space. The Java Heap base address is the
#     maximum limit for the native heap growth. Please use -XX:HeapBaseMinAddress
#     to set the Java Heap base and to place the Java Heap above 4GB virtual address.
# This output file may be truncated or incomplete.
#
#  Out of Memory Error (os_windows.cpp:3825), pid=3160, tid=4560
#
# JRE version:  (17.0.9+7) (build )
# Java VM: OpenJDK 64-Bit Server VM (17.0.9+7-b1087.9, mixed mode, sharing, tiered, compressed oops, compressed class ptrs, g1 gc, windows-amd64)
# No core dump will be written. Minidumps are not enabled by default on client versions of Windows
#

---------------  S U M M A R Y ------------

Command Line: -Djava.rmi.server.hostname=127.0.0.1 -Duser.timezone=UTC -Xmx2048m -Xms128m -Djdbc.classpath=C:\Program Files\JetBrains\IntelliJ IDEA 2023.3.2\plugins\DatabaseTools\lib\jdbc-console.jar;C:\Users\mayis\AppData\Roaming\JetBrains\IntelliJIdea2023.3\jdbc-drivers\MySQL ConnectorJ\8.2.0\com\mysql\mysql-connector-j\8.2.0\mysql-connector-j-8.2.0.jar;C:\Users\mayis\AppData\Roaming\JetBrains\IntelliJIdea2023.3\jdbc-drivers\MySQL ConnectorJ\8.2.0\com\google\protobuf\protobuf-java\3.21.9\protobuf-java-3.21.9.jar --add-exports=java.desktop/sun.awt=ALL-UNNAMED --add-exports=java.desktop/java.awt.peer=ALL-UNNAMED --add-opens=java.desktop/java.awt=ALL-UNNAMED --add-opens=jdk.unsupported/sun.misc=ALL-UNNAMED --add-opens=java.base/java.nio=ALL-UNNAMED --add-opens=java.base/java.util=ALL-UNNAMED -Dfile.encoding=UTF-8 com.intellij.database.remote.RemoteJdbcServer com.mysql.cj.jdbc.Driver

Host: 12th Gen Intel(R) Core(TM) i3-1220P, 12 cores, 7G,  Windows 11 , 64 bit Build 22621 (10.0.22621.5124)
Time: Wed May  7 01:52:24 2025 Azerbaijan Standard Time elapsed time: 0.010766 seconds (0d 0h 0m 0s)

---------------  T H R E A D  ---------------

Current thread (0x0000027c2e72e800):  JavaThread "Unknown thread" [_thread_in_vm, id=4560, stack(0x000000bc62800000,0x000000bc62900000)]

Stack: [0x000000bc62800000,0x000000bc62900000]
Native frames: (J=compiled Java code, j=interpreted, Vv=VM code, C=native code)
V  [jvm.dll+0x688349]
V  [jvm.dll+0x841bfa]
V  [jvm.dll+0x84383e]
V  [jvm.dll+0x843ea3]
V  [jvm.dll+0x24bdef]
V  [jvm.dll+0x6850f9]
V  [jvm.dll+0x67988a]
V  [jvm.dll+0x30cbfb]
V  [jvm.dll+0x3140a6]
V  [jvm.dll+0x363ede]
V  [jvm.dll+0x36410f]
V  [jvm.dll+0x2e29c8]
V  [jvm.dll+0x2e3934]
V  [jvm.dll+0x812771]
V  [jvm.dll+0x371d41]
V  [jvm.dll+0x7f12bc]
V  [jvm.dll+0x3f59cf]
V  [jvm.dll+0x3f7601]
C  [jli.dll+0x528f]
C  [ucrtbase.dll+0x29333]
C  [KERNEL32.DLL+0x1259d]
C  [ntdll.dll+0x5af38]


---------------  P R O C E S S  ---------------

Threads class SMR info:
_java_thread_list=0x00007ff9fc01df18, length=0, elements={
}

Java Threads: ( => current thread )

Other Threads:
  0x0000027c2e99ade0 GCTaskThread "GC Thread#0" [stack: 0x000000bc62900000,0x000000bc62a00000] [id=2848]
  0x0000027c2e9acc50 ConcurrentGCThread "G1 Main Marker" [stack: 0x000000bc62a00000,0x000000bc62b00000] [id=15216]
  0x0000027c2e9ad580 ConcurrentGCThread "G1 Conc#0" [stack: 0x000000bc62b00000,0x000000bc62c00000] [id=25480]

[error occurred during error reporting (printing all threads), id 0xc0000005, EXCEPTION_ACCESS_VIOLATION (0xc0000005) at pc=0x00007ff9fb7d3597]

VM state: not at safepoint (not fully initialized)

VM Mutex/Monitor currently owned by a thread:  ([mutex/lock_event])
[0x0000027c2e72a380] Heap_lock - owner thread: 0x0000027c2e72e800

Heap address: 0x0000000080000000, size: 2048 MB, Compressed Oops mode: 32-bit

CDS archive(s) mapped at: [0x0000000000000000-0x0000000000000000-0x0000000000000000), size 0, SharedBaseAddress: 0x0000000800000000, ArchiveRelocationMode: 1.
Narrow klass base: 0x0000000000000000, Narrow klass shift: 0, Narrow klass range: 0x0

GC Precious Log:
<Empty>

Heap:
 garbage-first heap   total 0K, used 0K [0x0000000080000000, 0x0000000100000000)
  region size 1024K, 0 young (0K), 0 survivors (0K)
 Metaspace       used 0K, committed 0K, reserved 0K
  class space    used 0K, committed 0K, reserved 0K

Heap Regions: E=young(eden), S=young(survivor), O=old, HS=humongous(starts), HC=humongous(continues), CS=collection set, F=free, OA=open archive, CA=closed archive, TAMS=top-at-mark-start (previous, next)

Card table byte_map: [0x0000027c43910000,0x0000027c43d10000] _byte_map_base: 0x0000027c43510000

Marking Bits (Prev, Next): (CMBitMap*) 0x0000027c2e99c320, (CMBitMap*) 0x0000027c2e99c360
 Prev Bits: [0x0000027c44110000, 0x0000027c46110000)
 Next Bits: [0x0000027c46110000, 0x0000027c48110000)

GC Heap History (0 events):
No events

Dll operation events (1 events):
Event: 0.007 Loaded shared library C:\Program Files\JetBrains\IntelliJ IDEA 2023.3.2\jbr\bin\java.dll

Deoptimization events (0 events):
No events

Classes unloaded (0 events):
No events

Classes redefined (0 events):
No events

Internal exceptions (0 events):
No events

VM Operations (0 events):
No events

Events (0 events):
No events


Dynamic libraries:
0x00007ff742f00000 - 0x00007ff742f0a000 	C:\Program Files\JetBrains\IntelliJ IDEA 2023.3.2\jbr\bin\java.exe
0x00007ffa66d70000 - 0x00007ffa66f87000 	C:\WINDOWS\SYSTEM32\ntdll.dll
0x00007ffa65780000 - 0x00007ffa65844000 	C:\WINDOWS\System32\KERNEL32.DLL
0x00007ffa642b0000 - 0x00007ffa64683000 	C:\WINDOWS\System32\KERNELBASE.dll
0x00007ffa648f0000 - 0x00007ffa64a01000 	C:\WINDOWS\System32\ucrtbase.dll
0x00007ffa596e0000 - 0x00007ffa596fb000 	C:\Program Files\JetBrains\IntelliJ IDEA 2023.3.2\jbr\bin\VCRUNTIME140.dll
0x00007ff9ff5e0000 - 0x00007ff9ff5f7000 	C:\Program Files\JetBrains\IntelliJ IDEA 2023.3.2\jbr\bin\jli.dll
0x00007ffa64d70000 - 0x00007ffa64f21000 	C:\WINDOWS\System32\USER32.dll
0x00007ffa63f40000 - 0x00007ffa63f66000 	C:\WINDOWS\System32\win32u.dll
0x00007ffa669a0000 - 0x00007ffa669c9000 	C:\WINDOWS\System32\GDI32.dll
0x00007ffa63f70000 - 0x00007ffa6408b000 	C:\WINDOWS\System32\gdi32full.dll
0x00007ffa43e90000 - 0x00007ffa44128000 	C:\WINDOWS\WinSxS\amd64_microsoft.windows.common-controls_6595b64144ccf1df_6.0.22621.5124_none_270e8f4f7386d69d\COMCTL32.dll
0x00007ffa64710000 - 0x00007ffa647aa000 	C:\WINDOWS\System32\msvcp_win.dll
0x00007ffa65570000 - 0x00007ffa65617000 	C:\WINDOWS\System32\msvcrt.dll
0x00007ffa65190000 - 0x00007ffa651c1000 	C:\WINDOWS\System32\IMM32.DLL
0x00007ffa5c510000 - 0x00007ffa5c51c000 	C:\Program Files\JetBrains\IntelliJ IDEA 2023.3.2\jbr\bin\vcruntime140_1.dll
0x00007ffa3c930000 - 0x00007ffa3c9bd000 	C:\Program Files\JetBrains\IntelliJ IDEA 2023.3.2\jbr\bin\msvcp140.dll
0x00007ff9fb4e0000 - 0x00007ff9fc162000 	C:\Program Files\JetBrains\IntelliJ IDEA 2023.3.2\jbr\bin\server\jvm.dll
0x00007ffa65f00000 - 0x00007ffa65fb1000 	C:\WINDOWS\System32\ADVAPI32.dll
0x00007ffa64a10000 - 0x00007ffa64ab8000 	C:\WINDOWS\System32\sechost.dll
0x00007ffa64280000 - 0x00007ffa642a8000 	C:\WINDOWS\System32\bcrypt.dll
0x00007ffa65fe0000 - 0x00007ffa660f4000 	C:\WINDOWS\System32\RPCRT4.dll
0x00007ffa5a570000 - 0x00007ffa5a5a4000 	C:\WINDOWS\SYSTEM32\WINMM.dll
0x00007ffa537b0000 - 0x00007ffa537b9000 	C:\WINDOWS\SYSTEM32\WSOCK32.dll
0x00007ffa57bc0000 - 0x00007ffa57bca000 	C:\WINDOWS\SYSTEM32\VERSION.dll
0x00007ffa63d50000 - 0x00007ffa63d9d000 	C:\WINDOWS\SYSTEM32\POWRPROF.dll
0x00007ffa66bd0000 - 0x00007ffa66c41000 	C:\WINDOWS\System32\WS2_32.dll
0x00007ffa63d30000 - 0x00007ffa63d43000 	C:\WINDOWS\SYSTEM32\UMPDC.dll
0x00007ffa62e70000 - 0x00007ffa62e88000 	C:\WINDOWS\SYSTEM32\kernel.appcore.dll
0x00007ffa37710000 - 0x00007ffa3771a000 	C:\Program Files\JetBrains\IntelliJ IDEA 2023.3.2\jbr\bin\jimage.dll
0x00007ffa615c0000 - 0x00007ffa617f2000 	C:\WINDOWS\SYSTEM32\DBGHELP.DLL
0x00007ffa651d0000 - 0x00007ffa65562000 	C:\WINDOWS\System32\combase.dll
0x00007ffa669d0000 - 0x00007ffa66aa7000 	C:\WINDOWS\System32\OLEAUT32.dll
0x00007ffa3f920000 - 0x00007ffa3f952000 	C:\WINDOWS\SYSTEM32\dbgcore.DLL
0x00007ffa64690000 - 0x00007ffa6470b000 	C:\WINDOWS\System32\bcryptPrimitives.dll
0x00007ffa01130000 - 0x00007ffa01155000 	C:\Program Files\JetBrains\IntelliJ IDEA 2023.3.2\jbr\bin\java.dll

dbghelp: loaded successfully - version: 4.0.5 - missing functions: none
symbol engine: initialized successfully - sym options: 0x614 - pdb path: .;C:\Program Files\JetBrains\IntelliJ IDEA 2023.3.2\jbr\bin;C:\WINDOWS\SYSTEM32;C:\WINDOWS\WinSxS\amd64_microsoft.windows.common-controls_6595b64144ccf1df_6.0.22621.5124_none_270e8f4f7386d69d;C:\Program Files\JetBrains\IntelliJ IDEA 2023.3.2\jbr\bin\server

VM Arguments:
jvm_args: -Djava.rmi.server.hostname=127.0.0.1 -Duser.timezone=UTC -Xmx2048m -Xms128m -Djdbc.classpath=C:\Program Files\JetBrains\IntelliJ IDEA 2023.3.2\plugins\DatabaseTools\lib\jdbc-console.jar;C:\Users\mayis\AppData\Roaming\JetBrains\IntelliJIdea2023.3\jdbc-drivers\MySQL ConnectorJ\8.2.0\com\mysql\mysql-connector-j\8.2.0\mysql-connector-j-8.2.0.jar;C:\Users\mayis\AppData\Roaming\JetBrains\IntelliJIdea2023.3\jdbc-drivers\MySQL ConnectorJ\8.2.0\com\google\protobuf\protobuf-java\3.21.9\protobuf-java-3.21.9.jar --add-exports=java.desktop/sun.awt=ALL-UNNAMED --add-exports=java.desktop/java.awt.peer=ALL-UNNAMED --add-opens=java.desktop/java.awt=ALL-UNNAMED --add-opens=jdk.unsupported/sun.misc=ALL-UNNAMED --add-opens=java.base/java.nio=ALL-UNNAMED --add-opens=java.base/java.util=ALL-UNNAMED -Dfile.encoding=UTF-8 
java_command: com.intellij.database.remote.RemoteJdbcServer com.mysql.cj.jdbc.Driver
java_class_path (initial): C:\Program Files\JetBrains\IntelliJ IDEA 2023.3.2\lib\util_rt.jar;C:\Program Files\JetBrains\IntelliJ IDEA 2023.3.2\lib\util-8.jar;C:\Program Files\JetBrains\IntelliJ IDEA 2023.3.2\lib\groovy.jar;C:\Program Files\JetBrains\IntelliJ IDEA 2023.3.2\plugins\DatabaseTools\lib\jdbc-console.jar;C:\Program Files\JetBrains\IntelliJ IDEA 2023.3.2\plugins\grid-core-impl\lib\jdbc-console-types.jar;C:\Program Files\JetBrains\IntelliJ IDEA 2023.3.2\lib\util.jar
Launcher Type: SUN_STANDARD

[Global flags]
     intx CICompilerCount                          = 4                                         {product} {ergonomic}
     uint ConcGCThreads                            = 3                                         {product} {ergonomic}
     uint G1ConcRefinementThreads                  = 10                                        {product} {ergonomic}
   size_t G1HeapRegionSize                         = 1048576                                   {product} {ergonomic}
    uintx GCDrainStackTargetSize                   = 64                                        {product} {ergonomic}
   size_t InitialHeapSize                          = 134217728                                 {product} {command line}
   size_t MarkStackSize                            = 4194304                                   {product} {ergonomic}
   size_t MaxHeapSize                              = 2147483648                                {product} {command line}
   size_t MinHeapDeltaBytes                        = 1048576                                   {product} {ergonomic}
   size_t MinHeapSize                              = 134217728                                 {product} {command line}
    uintx NonNMethodCodeHeapSize                   = 5839372                                {pd product} {ergonomic}
    uintx NonProfiledCodeHeapSize                  = 122909434                              {pd product} {ergonomic}
    uintx ProfiledCodeHeapSize                     = 122909434                              {pd product} {ergonomic}
    uintx ReservedCodeCacheSize                    = 251658240                              {pd product} {ergonomic}
     bool SegmentedCodeCache                       = true                                      {product} {ergonomic}
   size_t SoftMaxHeapSize                          = 2147483648                             {manageable} {ergonomic}
     bool UseCompressedClassPointers               = true                           {product lp64_product} {ergonomic}
     bool UseCompressedOops                        = true                           {product lp64_product} {ergonomic}
     bool UseG1GC                                  = true                                      {product} {ergonomic}
     bool UseLargePagesIndividualAllocation        = false                                  {pd product} {ergonomic}

Logging:
Log output configuration:
 #0: stdout all=warning uptime,level,tags
 #1: stderr all=off uptime,level,tags

Environment Variables:
PATH=C:\Python313\Scripts\;C:\Python313\;C:\Program Files (x86)\VMware\VMware Workstation\bin\;C:\Program Files\Common Files\Oracle\Java\javapath;C:\Program Files (x86)\Common Files\Oracle\Java\javapath;C:\WINDOWS\system32;C:\WINDOWS;C:\WINDOWS\System32\Wbem;C:\WINDOWS\System32\WindowsPowerShell\v1.0\;C:\WINDOWS\System32\OpenSSH\;C:\Program Files\Microsoft SQL Server\150\Tools\Binn\;C:\Program Files\Microsoft SQL Server\Client SDK\ODBC\170\Tools\Binn\;C:\Program Files\dotnet\;C:\Program Files (x86)\Microsoft SQL Server\160\Tools\Binn\;C:\Program Files\Microsoft SQL Server\160\Tools\Binn\;C:\Program Files\Microsoft SQL Server\160\DTS\Binn\;C:\Program Files (x86)\Microsoft SQL Server\160\DTS\Binn\;C:\Program Files\Azure Data Studio\bin;C:\Program Files\Docker\Docker\resources\bin;C:\ProgramData\chocolatey\bin;C:\Program Files\nodejs\;C:\Program Files\Git\cmd;C:\Program Files\MySQL\MySQL Shell 8.0\bin\;C:\Users\mayis\AppData\Local\Programs\Python\Launcher\;C:\Users\mayis\AppData\Local\Microsoft\WindowsApps;;C:\Users\mayis\AppData\Local\Programs\Microsoft VS Code\bin;C:\Users\mayis\.dotnet\tools;C:\Program Files\Azure Data Studio\bin;C:\Users\mayis\AppData\Roaming\npm
USERNAME=mayis
OS=Windows_NT
PROCESSOR_IDENTIFIER=Intel64 Family 6 Model 154 Stepping 4, GenuineIntel
TMP=C:\Users\mayis\AppData\Local\Temp
TEMP=C:\Users\mayis\AppData\Local\Temp



Periodic native trim disabled

JNI global refs:
JNI global refs: 0, weak refs: 0

JNI global refs memory usage: 0, weak refs: 0

OOME stack traces (most recent first):
Classloader memory used:


---------------  S Y S T E M  ---------------

OS:
 Windows 11 , 64 bit Build 22621 (10.0.22621.5124)
OS uptime: 1 days 15:46 hours
Hyper-V role detected

CPU: total 12 (initial active 12) (6 cores per cpu, 2 threads per core) family 6 model 154 stepping 4 microcode 0x424, cx8, cmov, fxsr, ht, mmx, 3dnowpref, sse, sse2, sse3, ssse3, sse4.1, sse4.2, popcnt, lzcnt, tsc, tscinvbit, avx, avx2, aes, erms, clmul, bmi1, bmi2, adx, sha, fma, vzeroupper, clflush, clflushopt, clwb, hv
Processor Information for all 12 processors :
  Max Mhz: 1500, Current Mhz: 1500, Mhz Limit: 1500

Memory: 4k page, system-wide physical 7886M (728M free)
TotalPageFile size 16803M (AvailPageFile size 105M)
current process WorkingSet (physical memory assigned to process): 11M, peak: 11M
current process commit charge ("private bytes"): 64M, peak: 192M

vm_info: OpenJDK 64-Bit Server VM (17.0.9+7-b1087.9) for windows-amd64 JRE (17.0.9+7-b1087.9), built on 2023-12-05 by "builduser" with MS VC++ 16.10 / 16.11 (VS2019)

END.
